<?xml version="1.0" encoding="UTF-8"?>
<testsuite xmlns:xsi="http://www.w3.org/2001/XMLSchema-instance" xsi:noNamespaceSchemaLocation="https://maven.apache.org/surefire/maven-surefire-plugin/xsd/surefire-test-report.xsd" name="de.mehdidridi.AppTest" time="0.038" tests="2" errors="0" skipped="0" failures="0">
  <properties>
    <property name="gopherProxySet" value="false"/>
    <property name="awt.toolkit" value="sun.lwawt.macosx.LWCToolkit"/>
    <property name="file.encoding.pkg" value="sun.io"/>
    <property name="java.specification.version" value="1.8"/>
    <property name="sun.cpu.isalist" value=""/>
    <property name="sun.jnu.encoding" value="UTF-8"/>
    <property name="java.class.path" value="/Users/mehdidridi/Desktop/KBE_WS19/runMeRunner/target/test-classes:/Users/mehdidridi/Desktop/KBE_WS19/runMeRunner/target/classes:/Users/mehdidridi/.m2/repository/junit/junit/4.11/junit-4.11.jar:/Users/mehdidridi/.m2/repository/org/hamcrest/hamcrest-core/1.3/hamcrest-core-1.3.jar:/Users/mehdidridi/.m2/repository/args4j/args4j-maven-plugin-example/2.33/args4j-maven-plugin-example-2.33.jar:/Users/mehdidridi/.m2/repository/args4j/args4j/2.33/args4j-2.33.jar:/Users/mehdidridi/.m2/repository/org/eclipse/jetty/jetty-maven-plugin/9.4.8.v20171121/jetty-maven-plugin-9.4.8.v20171121.jar:/Users/mehdidridi/.m2/repository/org/apache/maven/maven-plugin-api/3.5.0/maven-plugin-api-3.5.0.jar:/Users/mehdidridi/.m2/repository/org/apache/maven/maven-model/3.5.0/maven-model-3.5.0.jar:/Users/mehdidridi/.m2/repository/org/eclipse/sisu/org.eclipse.sisu.plexus/0.3.3/org.eclipse.sisu.plexus-0.3.3.jar:/Users/mehdidridi/.m2/repository/javax/enterprise/cdi-api/1.0/cdi-api-1.0.jar:/Users/mehdidridi/.m2/repository/javax/annotation/jsr250-api/1.0/jsr250-api-1.0.jar:/Users/mehdidridi/.m2/repository/org/eclipse/sisu/org.eclipse.sisu.inject/0.3.3/org.eclipse.sisu.inject-0.3.3.jar:/Users/mehdidridi/.m2/repository/org/apache/maven/maven-artifact/3.5.0/maven-artifact-3.5.0.jar:/Users/mehdidridi/.m2/repository/org/codehaus/plexus/plexus-utils/3.0.24/plexus-utils-3.0.24.jar:/Users/mehdidridi/.m2/repository/org/apache/commons/commons-lang3/3.5/commons-lang3-3.5.jar:/Users/mehdidridi/.m2/repository/org/apache/maven/maven-core/3.5.0/maven-core-3.5.0.jar:/Users/mehdidridi/.m2/repository/org/apache/maven/maven-settings/3.5.0/maven-settings-3.5.0.jar:/Users/mehdidridi/.m2/repository/org/apache/maven/maven-settings-builder/3.5.0/maven-settings-builder-3.5.0.jar:/Users/mehdidridi/.m2/repository/org/apache/maven/maven-builder-support/3.5.0/maven-builder-support-3.5.0.jar:/Users/mehdidridi/.m2/repository/org/apache/maven/maven-repository-metadata/3.5.0/maven-repository-metadata-3.5.0.jar:/Users/mehdidridi/.m2/repository/org/apache/maven/maven-model-builder/3.5.0/maven-model-builder-3.5.0.jar:/Users/mehdidridi/.m2/repository/com/google/guava/guava/20.0/guava-20.0.jar:/Users/mehdidridi/.m2/repository/org/apache/maven/maven-resolver-provider/3.5.0/maven-resolver-provider-3.5.0.jar:/Users/mehdidridi/.m2/repository/org/apache/maven/resolver/maven-resolver-impl/1.0.3/maven-resolver-impl-1.0.3.jar:/Users/mehdidridi/.m2/repository/org/apache/maven/resolver/maven-resolver-api/1.0.3/maven-resolver-api-1.0.3.jar:/Users/mehdidridi/.m2/repository/org/apache/maven/resolver/maven-resolver-spi/1.0.3/maven-resolver-spi-1.0.3.jar:/Users/mehdidridi/.m2/repository/org/apache/maven/resolver/maven-resolver-util/1.0.3/maven-resolver-util-1.0.3.jar:/Users/mehdidridi/.m2/repository/org/apache/maven/shared/maven-shared-utils/3.1.0/maven-shared-utils-3.1.0.jar:/Users/mehdidridi/.m2/repository/commons-io/commons-io/2.5/commons-io-2.5.jar:/Users/mehdidridi/.m2/repository/com/google/inject/guice/4.0/guice-4.0-no_aop.jar:/Users/mehdidridi/.m2/repository/javax/inject/javax.inject/1/javax.inject-1.jar:/Users/mehdidridi/.m2/repository/aopalliance/aopalliance/1.0/aopalliance-1.0.jar:/Users/mehdidridi/.m2/repository/org/codehaus/plexus/plexus-interpolation/1.24/plexus-interpolation-1.24.jar:/Users/mehdidridi/.m2/repository/org/codehaus/plexus/plexus-classworlds/2.5.2/plexus-classworlds-2.5.2.jar:/Users/mehdidridi/.m2/repository/org/codehaus/plexus/plexus-component-annotations/1.7.1/plexus-component-annotations-1.7.1.jar:/Users/mehdidridi/.m2/repository/org/sonatype/plexus/plexus-sec-dispatcher/1.4/plexus-sec-dispatcher-1.4.jar:/Users/mehdidridi/.m2/repository/org/sonatype/plexus/plexus-cipher/1.4/plexus-cipher-1.4.jar:/Users/mehdidridi/.m2/repository/org/apache/maven/plugin-tools/maven-plugin-tools-api/3.5/maven-plugin-tools-api-3.5.jar:/Users/mehdidridi/.m2/repository/org/apache/maven/maven-project/2.2.1/maven-project-2.2.1.jar:/Users/mehdidridi/.m2/repository/org/apache/maven/maven-profile/2.2.1/maven-profile-2.2.1.jar:/Users/mehdidridi/.m2/repository/org/apache/maven/maven-artifact-manager/2.2.1/maven-artifact-manager-2.2.1.jar:/Users/mehdidridi/.m2/repository/org/apache/maven/wagon/wagon-provider-api/1.0-beta-6/wagon-provider-api-1.0-beta-6.jar:/Users/mehdidridi/.m2/repository/backport-util-concurrent/backport-util-concurrent/3.1/backport-util-concurrent-3.1.jar:/Users/mehdidridi/.m2/repository/org/apache/maven/maven-plugin-registry/2.2.1/maven-plugin-registry-2.2.1.jar:/Users/mehdidridi/.m2/repository/org/codehaus/plexus/plexus-container-default/1.0-alpha-9-stable-1/plexus-container-default-1.0-alpha-9-stable-1.jar:/Users/mehdidridi/.m2/repository/classworlds/classworlds/1.1-alpha-2/classworlds-1.1-alpha-2.jar:/Users/mehdidridi/.m2/repository/org/apache/maven/maven-plugin-descriptor/2.2.1/maven-plugin-descriptor-2.2.1.jar:/Users/mehdidridi/.m2/repository/org/apache/maven/shared/maven-artifact-transfer/0.9.1/maven-artifact-transfer-0.9.1.jar:/Users/mehdidridi/.m2/repository/org/apache/maven/shared/maven-common-artifact-filters/3.0.1/maven-common-artifact-filters-3.0.1.jar:/Users/mehdidridi/.m2/repository/org/sonatype/sisu/sisu-inject-plexus/1.4.2/sisu-inject-plexus-1.4.2.jar:/Users/mehdidridi/.m2/repository/org/sonatype/sisu/sisu-inject-bean/1.4.2/sisu-inject-bean-1.4.2.jar:/Users/mehdidridi/.m2/repository/org/sonatype/sisu/sisu-guice/2.1.7/sisu-guice-2.1.7-noaop.jar:/Users/mehdidridi/.m2/repository/commons-codec/commons-codec/1.6/commons-codec-1.6.jar:/Users/mehdidridi/.m2/repository/org/slf4j/slf4j-api/1.7.5/slf4j-api-1.7.5.jar:/Users/mehdidridi/.m2/repository/org/eclipse/jetty/jetty-util/9.4.8.v20171121/jetty-util-9.4.8.v20171121.jar:/Users/mehdidridi/.m2/repository/org/eclipse/jetty/jetty-webapp/9.4.8.v20171121/jetty-webapp-9.4.8.v20171121.jar:/Users/mehdidridi/.m2/repository/org/eclipse/jetty/jetty-xml/9.4.8.v20171121/jetty-xml-9.4.8.v20171121.jar:/Users/mehdidridi/.m2/repository/org/eclipse/jetty/jetty-servlet/9.4.8.v20171121/jetty-servlet-9.4.8.v20171121.jar:/Users/mehdidridi/.m2/repository/org/eclipse/jetty/jetty-quickstart/9.4.8.v20171121/jetty-quickstart-9.4.8.v20171121.jar:/Users/mehdidridi/.m2/repository/org/eclipse/jetty/jetty-jaas/9.4.8.v20171121/jetty-jaas-9.4.8.v20171121.jar:/Users/mehdidridi/.m2/repository/org/eclipse/jetty/jetty-security/9.4.8.v20171121/jetty-security-9.4.8.v20171121.jar:/Users/mehdidridi/.m2/repository/org/eclipse/jetty/jetty-plus/9.4.8.v20171121/jetty-plus-9.4.8.v20171121.jar:/Users/mehdidridi/.m2/repository/org/eclipse/jetty/jetty-jndi/9.4.8.v20171121/jetty-jndi-9.4.8.v20171121.jar:/Users/mehdidridi/.m2/repository/org/eclipse/jetty/jetty-server/9.4.8.v20171121/jetty-server-9.4.8.v20171121.jar:/Users/mehdidridi/.m2/repository/javax/servlet/javax.servlet-api/3.1.0/javax.servlet-api-3.1.0.jar:/Users/mehdidridi/.m2/repository/org/eclipse/jetty/jetty-http/9.4.8.v20171121/jetty-http-9.4.8.v20171121.jar:/Users/mehdidridi/.m2/repository/org/eclipse/jetty/jetty-io/9.4.8.v20171121/jetty-io-9.4.8.v20171121.jar:/Users/mehdidridi/.m2/repository/org/eclipse/jetty/jetty-jmx/9.4.8.v20171121/jetty-jmx-9.4.8.v20171121.jar:/Users/mehdidridi/.m2/repository/org/eclipse/jetty/jetty-annotations/9.4.8.v20171121/jetty-annotations-9.4.8.v20171121.jar:/Users/mehdidridi/.m2/repository/javax/annotation/javax.annotation-api/1.2/javax.annotation-api-1.2.jar:/Users/mehdidridi/.m2/repository/org/ow2/asm/asm/6.0/asm-6.0.jar:/Users/mehdidridi/.m2/repository/org/ow2/asm/asm-commons/6.0/asm-commons-6.0.jar:/Users/mehdidridi/.m2/repository/org/ow2/asm/asm-tree/6.0/asm-tree-6.0.jar:/Users/mehdidridi/.m2/repository/org/eclipse/jetty/websocket/javax-websocket-server-impl/9.4.8.v20171121/javax-websocket-server-impl-9.4.8.v20171121.jar:/Users/mehdidridi/.m2/repository/org/eclipse/jetty/websocket/javax-websocket-client-impl/9.4.8.v20171121/javax-websocket-client-impl-9.4.8.v20171121.jar:/Users/mehdidridi/.m2/repository/javax/websocket/javax.websocket-client-api/1.0/javax.websocket-client-api-1.0.jar:/Users/mehdidridi/.m2/repository/javax/websocket/javax.websocket-api/1.0/javax.websocket-api-1.0.jar:/Users/mehdidridi/.m2/repository/org/eclipse/jetty/websocket/websocket-server/9.4.8.v20171121/websocket-server-9.4.8.v20171121.jar:/Users/mehdidridi/.m2/repository/org/eclipse/jetty/websocket/websocket-common/9.4.8.v20171121/websocket-common-9.4.8.v20171121.jar:/Users/mehdidridi/.m2/repository/org/eclipse/jetty/websocket/websocket-api/9.4.8.v20171121/websocket-api-9.4.8.v20171121.jar:/Users/mehdidridi/.m2/repository/org/eclipse/jetty/websocket/websocket-client/9.4.8.v20171121/websocket-client-9.4.8.v20171121.jar:/Users/mehdidridi/.m2/repository/org/eclipse/jetty/jetty-client/9.4.8.v20171121/jetty-client-9.4.8.v20171121.jar:/Users/mehdidridi/.m2/repository/org/eclipse/jetty/websocket/websocket-servlet/9.4.8.v20171121/websocket-servlet-9.4.8.v20171121.jar:/Users/mehdidridi/.m2/repository/org/eclipse/jetty/apache-jsp/9.4.8.v20171121/apache-jsp-9.4.8.v20171121.jar:/Users/mehdidridi/.m2/repository/org/eclipse/jetty/toolchain/jetty-schemas/3.1/jetty-schemas-3.1.jar:/Users/mehdidridi/.m2/repository/org/mortbay/jasper/apache-jsp/8.5.23/apache-jsp-8.5.23.jar:/Users/mehdidridi/.m2/repository/org/mortbay/jasper/apache-el/8.5.23/apache-el-8.5.23.jar:/Users/mehdidridi/.m2/repository/org/eclipse/jdt/ecj/3.12.3/ecj-3.12.3.jar:/Users/mehdidridi/.m2/repository/org/eclipse/jetty/apache-jstl/9.4.8.v20171121/apache-jstl-9.4.8.v20171121.jar:/Users/mehdidridi/.m2/repository/org/apache/taglibs/taglibs-standard-spec/1.2.5/taglibs-standard-spec-1.2.5.jar:/Users/mehdidridi/.m2/repository/org/apache/taglibs/taglibs-standard-impl/1.2.5/taglibs-standard-impl-1.2.5.jar:/Users/mehdidridi/.m2/repository/javax/transaction/javax.transaction-api/1.2/javax.transaction-api-1.2.jar:"/>
    <property name="java.vm.vendor" value="Oracle Corporation"/>
    <property name="sun.arch.data.model" value="64"/>
    <property name="java.vendor.url" value="http://java.oracle.com/"/>
    <property name="user.timezone" value=""/>
    <property name="user.country.format" value="DE"/>
    <property name="java.vm.specification.version" value="1.8"/>
    <property name="os.name" value="Mac OS X"/>
    <property name="user.country" value="US"/>
    <property name="sun.java.launcher" value="SUN_STANDARD"/>
    <property name="sun.boot.library.path" value="/Library/Java/JavaVirtualMachines/jdk1.8.0_144.jdk/Contents/Home/jre/lib"/>
    <property name="sun.java.command" value="/Users/mehdidridi/Desktop/KBE_WS19/runMeRunner/target/surefire/surefirebooter4564233525384462275.jar /Users/mehdidridi/Desktop/KBE_WS19/runMeRunner/target/surefire 2018-11-07T22-01-41_278-jvmRun1 surefire3540626778004035750tmp surefire_06082597175366605783tmp"/>
    <property name="http.nonProxyHosts" value="local|*.local|169.254/16|*.169.254/16"/>
    <property name="surefire.test.class.path" value="/Users/mehdidridi/Desktop/KBE_WS19/runMeRunner/target/test-classes:/Users/mehdidridi/Desktop/KBE_WS19/runMeRunner/target/classes:/Users/mehdidridi/.m2/repository/junit/junit/4.11/junit-4.11.jar:/Users/mehdidridi/.m2/repository/org/hamcrest/hamcrest-core/1.3/hamcrest-core-1.3.jar:/Users/mehdidridi/.m2/repository/args4j/args4j-maven-plugin-example/2.33/args4j-maven-plugin-example-2.33.jar:/Users/mehdidridi/.m2/repository/args4j/args4j/2.33/args4j-2.33.jar:/Users/mehdidridi/.m2/repository/org/eclipse/jetty/jetty-maven-plugin/9.4.8.v20171121/jetty-maven-plugin-9.4.8.v20171121.jar:/Users/mehdidridi/.m2/repository/org/apache/maven/maven-plugin-api/3.5.0/maven-plugin-api-3.5.0.jar:/Users/mehdidridi/.m2/repository/org/apache/maven/maven-model/3.5.0/maven-model-3.5.0.jar:/Users/mehdidridi/.m2/repository/org/eclipse/sisu/org.eclipse.sisu.plexus/0.3.3/org.eclipse.sisu.plexus-0.3.3.jar:/Users/mehdidridi/.m2/repository/javax/enterprise/cdi-api/1.0/cdi-api-1.0.jar:/Users/mehdidridi/.m2/repository/javax/annotation/jsr250-api/1.0/jsr250-api-1.0.jar:/Users/mehdidridi/.m2/repository/org/eclipse/sisu/org.eclipse.sisu.inject/0.3.3/org.eclipse.sisu.inject-0.3.3.jar:/Users/mehdidridi/.m2/repository/org/apache/maven/maven-artifact/3.5.0/maven-artifact-3.5.0.jar:/Users/mehdidridi/.m2/repository/org/codehaus/plexus/plexus-utils/3.0.24/plexus-utils-3.0.24.jar:/Users/mehdidridi/.m2/repository/org/apache/commons/commons-lang3/3.5/commons-lang3-3.5.jar:/Users/mehdidridi/.m2/repository/org/apache/maven/maven-core/3.5.0/maven-core-3.5.0.jar:/Users/mehdidridi/.m2/repository/org/apache/maven/maven-settings/3.5.0/maven-settings-3.5.0.jar:/Users/mehdidridi/.m2/repository/org/apache/maven/maven-settings-builder/3.5.0/maven-settings-builder-3.5.0.jar:/Users/mehdidridi/.m2/repository/org/apache/maven/maven-builder-support/3.5.0/maven-builder-support-3.5.0.jar:/Users/mehdidridi/.m2/repository/org/apache/maven/maven-repository-metadata/3.5.0/maven-repository-metadata-3.5.0.jar:/Users/mehdidridi/.m2/repository/org/apache/maven/maven-model-builder/3.5.0/maven-model-builder-3.5.0.jar:/Users/mehdidridi/.m2/repository/com/google/guava/guava/20.0/guava-20.0.jar:/Users/mehdidridi/.m2/repository/org/apache/maven/maven-resolver-provider/3.5.0/maven-resolver-provider-3.5.0.jar:/Users/mehdidridi/.m2/repository/org/apache/maven/resolver/maven-resolver-impl/1.0.3/maven-resolver-impl-1.0.3.jar:/Users/mehdidridi/.m2/repository/org/apache/maven/resolver/maven-resolver-api/1.0.3/maven-resolver-api-1.0.3.jar:/Users/mehdidridi/.m2/repository/org/apache/maven/resolver/maven-resolver-spi/1.0.3/maven-resolver-spi-1.0.3.jar:/Users/mehdidridi/.m2/repository/org/apache/maven/resolver/maven-resolver-util/1.0.3/maven-resolver-util-1.0.3.jar:/Users/mehdidridi/.m2/repository/org/apache/maven/shared/maven-shared-utils/3.1.0/maven-shared-utils-3.1.0.jar:/Users/mehdidridi/.m2/repository/commons-io/commons-io/2.5/commons-io-2.5.jar:/Users/mehdidridi/.m2/repository/com/google/inject/guice/4.0/guice-4.0-no_aop.jar:/Users/mehdidridi/.m2/repository/javax/inject/javax.inject/1/javax.inject-1.jar:/Users/mehdidridi/.m2/repository/aopalliance/aopalliance/1.0/aopalliance-1.0.jar:/Users/mehdidridi/.m2/repository/org/codehaus/plexus/plexus-interpolation/1.24/plexus-interpolation-1.24.jar:/Users/mehdidridi/.m2/repository/org/codehaus/plexus/plexus-classworlds/2.5.2/plexus-classworlds-2.5.2.jar:/Users/mehdidridi/.m2/repository/org/codehaus/plexus/plexus-component-annotations/1.7.1/plexus-component-annotations-1.7.1.jar:/Users/mehdidridi/.m2/repository/org/sonatype/plexus/plexus-sec-dispatcher/1.4/plexus-sec-dispatcher-1.4.jar:/Users/mehdidridi/.m2/repository/org/sonatype/plexus/plexus-cipher/1.4/plexus-cipher-1.4.jar:/Users/mehdidridi/.m2/repository/org/apache/maven/plugin-tools/maven-plugin-tools-api/3.5/maven-plugin-tools-api-3.5.jar:/Users/mehdidridi/.m2/repository/org/apache/maven/maven-project/2.2.1/maven-project-2.2.1.jar:/Users/mehdidridi/.m2/repository/org/apache/maven/maven-profile/2.2.1/maven-profile-2.2.1.jar:/Users/mehdidridi/.m2/repository/org/apache/maven/maven-artifact-manager/2.2.1/maven-artifact-manager-2.2.1.jar:/Users/mehdidridi/.m2/repository/org/apache/maven/wagon/wagon-provider-api/1.0-beta-6/wagon-provider-api-1.0-beta-6.jar:/Users/mehdidridi/.m2/repository/backport-util-concurrent/backport-util-concurrent/3.1/backport-util-concurrent-3.1.jar:/Users/mehdidridi/.m2/repository/org/apache/maven/maven-plugin-registry/2.2.1/maven-plugin-registry-2.2.1.jar:/Users/mehdidridi/.m2/repository/org/codehaus/plexus/plexus-container-default/1.0-alpha-9-stable-1/plexus-container-default-1.0-alpha-9-stable-1.jar:/Users/mehdidridi/.m2/repository/classworlds/classworlds/1.1-alpha-2/classworlds-1.1-alpha-2.jar:/Users/mehdidridi/.m2/repository/org/apache/maven/maven-plugin-descriptor/2.2.1/maven-plugin-descriptor-2.2.1.jar:/Users/mehdidridi/.m2/repository/org/apache/maven/shared/maven-artifact-transfer/0.9.1/maven-artifact-transfer-0.9.1.jar:/Users/mehdidridi/.m2/repository/org/apache/maven/shared/maven-common-artifact-filters/3.0.1/maven-common-artifact-filters-3.0.1.jar:/Users/mehdidridi/.m2/repository/org/sonatype/sisu/sisu-inject-plexus/1.4.2/sisu-inject-plexus-1.4.2.jar:/Users/mehdidridi/.m2/repository/org/sonatype/sisu/sisu-inject-bean/1.4.2/sisu-inject-bean-1.4.2.jar:/Users/mehdidridi/.m2/repository/org/sonatype/sisu/sisu-guice/2.1.7/sisu-guice-2.1.7-noaop.jar:/Users/mehdidridi/.m2/repository/commons-codec/commons-codec/1.6/commons-codec-1.6.jar:/Users/mehdidridi/.m2/repository/org/slf4j/slf4j-api/1.7.5/slf4j-api-1.7.5.jar:/Users/mehdidridi/.m2/repository/org/eclipse/jetty/jetty-util/9.4.8.v20171121/jetty-util-9.4.8.v20171121.jar:/Users/mehdidridi/.m2/repository/org/eclipse/jetty/jetty-webapp/9.4.8.v20171121/jetty-webapp-9.4.8.v20171121.jar:/Users/mehdidridi/.m2/repository/org/eclipse/jetty/jetty-xml/9.4.8.v20171121/jetty-xml-9.4.8.v20171121.jar:/Users/mehdidridi/.m2/repository/org/eclipse/jetty/jetty-servlet/9.4.8.v20171121/jetty-servlet-9.4.8.v20171121.jar:/Users/mehdidridi/.m2/repository/org/eclipse/jetty/jetty-quickstart/9.4.8.v20171121/jetty-quickstart-9.4.8.v20171121.jar:/Users/mehdidridi/.m2/repository/org/eclipse/jetty/jetty-jaas/9.4.8.v20171121/jetty-jaas-9.4.8.v20171121.jar:/Users/mehdidridi/.m2/repository/org/eclipse/jetty/jetty-security/9.4.8.v20171121/jetty-security-9.4.8.v20171121.jar:/Users/mehdidridi/.m2/repository/org/eclipse/jetty/jetty-plus/9.4.8.v20171121/jetty-plus-9.4.8.v20171121.jar:/Users/mehdidridi/.m2/repository/org/eclipse/jetty/jetty-jndi/9.4.8.v20171121/jetty-jndi-9.4.8.v20171121.jar:/Users/mehdidridi/.m2/repository/org/eclipse/jetty/jetty-server/9.4.8.v20171121/jetty-server-9.4.8.v20171121.jar:/Users/mehdidridi/.m2/repository/javax/servlet/javax.servlet-api/3.1.0/javax.servlet-api-3.1.0.jar:/Users/mehdidridi/.m2/repository/org/eclipse/jetty/jetty-http/9.4.8.v20171121/jetty-http-9.4.8.v20171121.jar:/Users/mehdidridi/.m2/repository/org/eclipse/jetty/jetty-io/9.4.8.v20171121/jetty-io-9.4.8.v20171121.jar:/Users/mehdidridi/.m2/repository/org/eclipse/jetty/jetty-jmx/9.4.8.v20171121/jetty-jmx-9.4.8.v20171121.jar:/Users/mehdidridi/.m2/repository/org/eclipse/jetty/jetty-annotations/9.4.8.v20171121/jetty-annotations-9.4.8.v20171121.jar:/Users/mehdidridi/.m2/repository/javax/annotation/javax.annotation-api/1.2/javax.annotation-api-1.2.jar:/Users/mehdidridi/.m2/repository/org/ow2/asm/asm/6.0/asm-6.0.jar:/Users/mehdidridi/.m2/repository/org/ow2/asm/asm-commons/6.0/asm-commons-6.0.jar:/Users/mehdidridi/.m2/repository/org/ow2/asm/asm-tree/6.0/asm-tree-6.0.jar:/Users/mehdidridi/.m2/repository/org/eclipse/jetty/websocket/javax-websocket-server-impl/9.4.8.v20171121/javax-websocket-server-impl-9.4.8.v20171121.jar:/Users/mehdidridi/.m2/repository/org/eclipse/jetty/websocket/javax-websocket-client-impl/9.4.8.v20171121/javax-websocket-client-impl-9.4.8.v20171121.jar:/Users/mehdidridi/.m2/repository/javax/websocket/javax.websocket-client-api/1.0/javax.websocket-client-api-1.0.jar:/Users/mehdidridi/.m2/repository/javax/websocket/javax.websocket-api/1.0/javax.websocket-api-1.0.jar:/Users/mehdidridi/.m2/repository/org/eclipse/jetty/websocket/websocket-server/9.4.8.v20171121/websocket-server-9.4.8.v20171121.jar:/Users/mehdidridi/.m2/repository/org/eclipse/jetty/websocket/websocket-common/9.4.8.v20171121/websocket-common-9.4.8.v20171121.jar:/Users/mehdidridi/.m2/repository/org/eclipse/jetty/websocket/websocket-api/9.4.8.v20171121/websocket-api-9.4.8.v20171121.jar:/Users/mehdidridi/.m2/repository/org/eclipse/jetty/websocket/websocket-client/9.4.8.v20171121/websocket-client-9.4.8.v20171121.jar:/Users/mehdidridi/.m2/repository/org/eclipse/jetty/jetty-client/9.4.8.v20171121/jetty-client-9.4.8.v20171121.jar:/Users/mehdidridi/.m2/repository/org/eclipse/jetty/websocket/websocket-servlet/9.4.8.v20171121/websocket-servlet-9.4.8.v20171121.jar:/Users/mehdidridi/.m2/repository/org/eclipse/jetty/apache-jsp/9.4.8.v20171121/apache-jsp-9.4.8.v20171121.jar:/Users/mehdidridi/.m2/repository/org/eclipse/jetty/toolchain/jetty-schemas/3.1/jetty-schemas-3.1.jar:/Users/mehdidridi/.m2/repository/org/mortbay/jasper/apache-jsp/8.5.23/apache-jsp-8.5.23.jar:/Users/mehdidridi/.m2/repository/org/mortbay/jasper/apache-el/8.5.23/apache-el-8.5.23.jar:/Users/mehdidridi/.m2/repository/org/eclipse/jdt/ecj/3.12.3/ecj-3.12.3.jar:/Users/mehdidridi/.m2/repository/org/eclipse/jetty/apache-jstl/9.4.8.v20171121/apache-jstl-9.4.8.v20171121.jar:/Users/mehdidridi/.m2/repository/org/apache/taglibs/taglibs-standard-spec/1.2.5/taglibs-standard-spec-1.2.5.jar:/Users/mehdidridi/.m2/repository/org/apache/taglibs/taglibs-standard-impl/1.2.5/taglibs-standard-impl-1.2.5.jar:/Users/mehdidridi/.m2/repository/javax/transaction/javax.transaction-api/1.2/javax.transaction-api-1.2.jar:"/>
    <property name="sun.cpu.endian" value="little"/>
    <property name="user.home" value="/Users/mehdidridi"/>
    <property name="user.language" value="en"/>
    <property name="java.specification.vendor" value="Oracle Corporation"/>
    <property name="java.home" value="/Library/Java/JavaVirtualMachines/jdk1.8.0_144.jdk/Contents/Home/jre"/>
    <property name="basedir" value="/Users/mehdidridi/Desktop/KBE_WS19/runMeRunner"/>
    <property name="file.separator" value="/"/>
    <property name="line.separator" value="&#10;"/>
    <property name="java.vm.specification.vendor" value="Oracle Corporation"/>
    <property name="java.specification.name" value="Java Platform API Specification"/>
    <property name="java.awt.graphicsenv" value="sun.awt.CGraphicsEnvironment"/>
    <property name="surefire.real.class.path" value="/Users/mehdidridi/Desktop/KBE_WS19/runMeRunner/target/surefire/surefirebooter4564233525384462275.jar"/>
    <property name="sun.boot.class.path" value="/Library/Java/JavaVirtualMachines/jdk1.8.0_144.jdk/Contents/Home/jre/lib/resources.jar:/Library/Java/JavaVirtualMachines/jdk1.8.0_144.jdk/Contents/Home/jre/lib/rt.jar:/Library/Java/JavaVirtualMachines/jdk1.8.0_144.jdk/Contents/Home/jre/lib/sunrsasign.jar:/Library/Java/JavaVirtualMachines/jdk1.8.0_144.jdk/Contents/Home/jre/lib/jsse.jar:/Library/Java/JavaVirtualMachines/jdk1.8.0_144.jdk/Contents/Home/jre/lib/jce.jar:/Library/Java/JavaVirtualMachines/jdk1.8.0_144.jdk/Contents/Home/jre/lib/charsets.jar:/Library/Java/JavaVirtualMachines/jdk1.8.0_144.jdk/Contents/Home/jre/lib/jfr.jar:/Library/Java/JavaVirtualMachines/jdk1.8.0_144.jdk/Contents/Home/jre/classes"/>
    <property name="sun.management.compiler" value="HotSpot 64-Bit Tiered Compilers"/>
    <property name="ftp.nonProxyHosts" value="local|*.local|169.254/16|*.169.254/16"/>
    <property name="java.runtime.version" value="1.8.0_144-b01"/>
    <property name="user.name" value="mehdidridi"/>
    <property name="path.separator" value=":"/>
    <property name="os.version" value="10.14.1"/>
    <property name="java.endorsed.dirs" value="/Library/Java/JavaVirtualMachines/jdk1.8.0_144.jdk/Contents/Home/jre/lib/endorsed"/>
    <property name="java.runtime.name" value="Java(TM) SE Runtime Environment"/>
    <property name="file.encoding" value="UTF-8"/>
    <property name="java.vm.name" value="Java HotSpot(TM) 64-Bit Server VM"/>
    <property name="localRepository" value="/Users/mehdidridi/.m2/repository"/>
    <property name="java.vendor.url.bug" value="http://bugreport.sun.com/bugreport/"/>
    <property name="java.io.tmpdir" value="/var/folders/vc/mvqv5wbd3kb4t4r3h9p3wf6h0000gn/T/"/>
    <property name="java.version" value="1.8.0_144"/>
    <property name="user.dir" value="/Users/mehdidridi/Desktop/KBE_WS19/runMeRunner"/>
    <property name="os.arch" value="x86_64"/>
    <property name="java.vm.specification.name" value="Java Virtual Machine Specification"/>
    <property name="java.awt.printerjob" value="sun.lwawt.macosx.CPrinterJob"/>
    <property name="sun.os.patch.level" value="unknown"/>
    <property name="java.library.path" value="/Users/mehdidridi/Library/Java/Extensions:/Library/Java/Extensions:/Network/Library/Java/Extensions:/System/Library/Java/Extensions:/usr/lib/java:."/>
    <property name="java.vm.info" value="mixed mode"/>
    <property name="java.vendor" value="Oracle Corporation"/>
    <property name="java.vm.version" value="25.144-b01"/>
    <property name="java.ext.dirs" value="/Users/mehdidridi/Library/Java/Extensions:/Library/Java/JavaVirtualMachines/jdk1.8.0_144.jdk/Contents/Home/jre/lib/ext:/Library/Java/Extensions:/Network/Library/Java/Extensions:/System/Library/Java/Extensions:/usr/lib/java"/>
    <property name="sun.io.unicode.encoding" value="UnicodeBig"/>
    <property name="java.class.version" value="52.0"/>
    <property name="socksNonProxyHosts" value="local|*.local|169.254/16|*.169.254/16"/>
  </properties>
  <testcase name="writeToFile" classname="de.mehdidridi.AppTest" time="0.006"/>
  <testcase name="extractingTheMethods" classname="de.mehdidridi.AppTest" time="0.001"/>
</testsuite>